<?xml version="1.0" encoding="UTF-8"?>
<!-- Generated by org.testng.reporters.JUnitXMLReporter -->
<testsuite ignored="0" hostname="DESKTOP-PSPSVDJ" failures="0" tests="3" name="Default test" time="6.374" errors="0" timestamp="2023-01-27T18:29:05 EST">
  <testcase classname="reqRespSpec.reqres" name="addplace" time="3.568"/>
  <testcase classname="reqRespSpec.reqres" name="updatepla" time="1.553"/>
  <testcase classname="reqRespSpec.reqres" name="getpla" time="1.174"/>
</testsuite> <!-- Default test -->
