<?xml version="1.0" encoding="UTF-8"?>
<!-- Generated by org.testng.reporters.JUnitXMLReporter -->
<testsuite ignored="0" hostname="DESKTOP-PSPSVDJ" failures="0" tests="5" name="Test" time="5.602" errors="0" timestamp="2023-01-25T11:59:50 EST">
  <testcase classname="jiraAPI.cookieAuth" name="session" time="3.412"/>
  <testcase classname="jiraAPI.createIssue" name="issueCreation" time="1.571"/>
  <testcase classname="jiraAPI.editIssue" name="editIssued" time="0.16"/>
  <testcase classname="jiraAPI.getIssue" name="getIssued" time="0.093"/>
  <testcase classname="jiraAPI.attachment" name="attachmentd" time="0.233"/>
</testsuite> <!-- Test -->
