<?xml version="1.0" encoding="UTF-8"?>
<testng-results ignored="0" total="1" passed="1" failed="0" skipped="0">
  <reporter-output>
  </reporter-output>
  <suite started-at="2023-01-30T21:44:22 EST" name="Default suite" finished-at="2023-01-30T21:44:26 EST" duration-ms="3974">
    <groups>
    </groups>
    <test started-at="2023-01-30T21:44:22 EST" name="Default test" finished-at="2023-01-30T21:44:26 EST" duration-ms="3974">
      <class name="API_E2E.login">
        <test-method signature="loginTC()[pri:0, instance:API_E2E.login@6892b3b6]" started-at="2023-01-30T21:44:22 EST" name="loginTC" finished-at="2023-01-30T21:44:26 EST" duration-ms="3902" status="PASS">
          <reporter-output>
          </reporter-output>
        </test-method> <!-- loginTC -->
      </class> <!-- API_E2E.login -->
    </test> <!-- Default test -->
  </suite> <!-- Default suite -->
</testng-results>
