<?xml version="1.0" encoding="UTF-8"?>
<testng-results ignored="0" total="5" passed="5" failed="0" skipped="0">
  <reporter-output>
  </reporter-output>
  <suite started-at="2023-01-31T22:19:24 EST" name="Default suite" finished-at="2023-01-31T22:19:35 EST" duration-ms="10809">
    <groups>
    </groups>
    <test started-at="2023-01-31T22:19:24 EST" name="Default test" finished-at="2023-01-31T22:19:35 EST" duration-ms="10809">
      <class name="API_E2E.eCommerceE2E">
        <test-method signature="loginTC()[pri:1, instance:API_E2E.eCommerceE2E@6d4d66d2]" started-at="2023-01-31T22:19:24 EST" name="loginTC" finished-at="2023-01-31T22:19:29 EST" duration-ms="5272" status="PASS">
          <reporter-output>
          </reporter-output>
        </test-method> <!-- loginTC -->
        <test-method signature="createProductTC()[pri:2, instance:API_E2E.eCommerceE2E@6d4d66d2]" started-at="2023-01-31T22:19:29 EST" name="createProductTC" finished-at="2023-01-31T22:19:31 EST" duration-ms="1398" status="PASS">
          <reporter-output>
          </reporter-output>
        </test-method> <!-- createProductTC -->
        <test-method signature="viewProductTC()[pri:3, instance:API_E2E.eCommerceE2E@6d4d66d2]" started-at="2023-01-31T22:19:31 EST" name="viewProductTC" finished-at="2023-01-31T22:19:32 EST" duration-ms="923" status="PASS">
          <reporter-output>
          </reporter-output>
        </test-method> <!-- viewProductTC -->
        <test-method signature="purchaseProductTC()[pri:4, instance:API_E2E.eCommerceE2E@6d4d66d2]" started-at="2023-01-31T22:19:32 EST" name="purchaseProductTC" finished-at="2023-01-31T22:19:34 EST" duration-ms="2214" status="PASS">
          <reporter-output>
          </reporter-output>
        </test-method> <!-- purchaseProductTC -->
        <test-method signature="deleteProductTC()[pri:5, instance:API_E2E.eCommerceE2E@6d4d66d2]" started-at="2023-01-31T22:19:34 EST" name="deleteProductTC" finished-at="2023-01-31T22:19:35 EST" duration-ms="852" status="PASS">
          <reporter-output>
          </reporter-output>
        </test-method> <!-- deleteProductTC -->
      </class> <!-- API_E2E.eCommerceE2E -->
    </test> <!-- Default test -->
  </suite> <!-- Default suite -->
</testng-results>
